Determining if the pthread_create exist failed with the following output:
Change Dir: /home/david/traxas_ws/build/ceres_catkin/ceres_src-prefix/src/ceres_src-build/CMakeFiles/CMakeTmp

Run Build Command:"/usr/bin/make" "cmTC_97ff9/fast"
make[3]: Entering directory '/home/david/traxas_ws/build/ceres_catkin/ceres_src-prefix/src/ceres_src-build/CMakeFiles/CMakeTmp'
/usr/bin/make -f CMakeFiles/cmTC_97ff9.dir/build.make CMakeFiles/cmTC_97ff9.dir/build
make[4]: Entering directory '/home/david/traxas_ws/build/ceres_catkin/ceres_src-prefix/src/ceres_src-build/CMakeFiles/CMakeTmp'
Building C object CMakeFiles/cmTC_97ff9.dir/CheckSymbolExists.c.o
/usr/bin/cc    -o CMakeFiles/cmTC_97ff9.dir/CheckSymbolExists.c.o   -c /home/david/traxas_ws/build/ceres_catkin/ceres_src-prefix/src/ceres_src-build/CMakeFiles/CMakeTmp/CheckSymbolExists.c
Linking C executable cmTC_97ff9
/usr/bin/cmake -E cmake_link_script CMakeFiles/cmTC_97ff9.dir/link.txt --verbose=1
/usr/bin/cc      -rdynamic CMakeFiles/cmTC_97ff9.dir/CheckSymbolExists.c.o  -o cmTC_97ff9 
CMakeFiles/cmTC_97ff9.dir/CheckSymbolExists.c.o: In function `main':
CheckSymbolExists.c:(.text+0x1b): undefined reference to `pthread_create'
collect2: error: ld returned 1 exit status
CMakeFiles/cmTC_97ff9.dir/build.make:97: recipe for target 'cmTC_97ff9' failed
make[4]: *** [cmTC_97ff9] Error 1
make[4]: Leaving directory '/home/david/traxas_ws/build/ceres_catkin/ceres_src-prefix/src/ceres_src-build/CMakeFiles/CMakeTmp'
Makefile:126: recipe for target 'cmTC_97ff9/fast' failed
make[3]: *** [cmTC_97ff9/fast] Error 2
make[3]: Leaving directory '/home/david/traxas_ws/build/ceres_catkin/ceres_src-prefix/src/ceres_src-build/CMakeFiles/CMakeTmp'

File /home/david/traxas_ws/build/ceres_catkin/ceres_src-prefix/src/ceres_src-build/CMakeFiles/CMakeTmp/CheckSymbolExists.c:
/* */
#include <pthread.h>

int main(int argc, char** argv)
{
  (void)argv;
#ifndef pthread_create
  return ((int*)(&pthread_create))[argc];
#else
  (void)argc;
  return 0;
#endif
}

Determining if the function pthread_create exists in the pthreads failed with the following output:
Change Dir: /home/david/traxas_ws/build/ceres_catkin/ceres_src-prefix/src/ceres_src-build/CMakeFiles/CMakeTmp

Run Build Command:"/usr/bin/make" "cmTC_1ee8e/fast"
make[3]: Entering directory '/home/david/traxas_ws/build/ceres_catkin/ceres_src-prefix/src/ceres_src-build/CMakeFiles/CMakeTmp'
/usr/bin/make -f CMakeFiles/cmTC_1ee8e.dir/build.make CMakeFiles/cmTC_1ee8e.dir/build
make[4]: Entering directory '/home/david/traxas_ws/build/ceres_catkin/ceres_src-prefix/src/ceres_src-build/CMakeFiles/CMakeTmp'
Building C object CMakeFiles/cmTC_1ee8e.dir/CheckFunctionExists.c.o
/usr/bin/cc   -DCHECK_FUNCTION_EXISTS=pthread_create   -o CMakeFiles/cmTC_1ee8e.dir/CheckFunctionExists.c.o   -c /usr/share/cmake-3.10/Modules/CheckFunctionExists.c
Linking C executable cmTC_1ee8e
/usr/bin/cmake -E cmake_link_script CMakeFiles/cmTC_1ee8e.dir/link.txt --verbose=1
/usr/bin/cc  -DCHECK_FUNCTION_EXISTS=pthread_create    -rdynamic CMakeFiles/cmTC_1ee8e.dir/CheckFunctionExists.c.o  -o cmTC_1ee8e -lpthreads 
/usr/bin/ld: cannot find -lpthreads
collect2: error: ld returned 1 exit status
CMakeFiles/cmTC_1ee8e.dir/build.make:97: recipe for target 'cmTC_1ee8e' failed
make[4]: *** [cmTC_1ee8e] Error 1
make[4]: Leaving directory '/home/david/traxas_ws/build/ceres_catkin/ceres_src-prefix/src/ceres_src-build/CMakeFiles/CMakeTmp'
Makefile:126: recipe for target 'cmTC_1ee8e/fast' failed
make[3]: *** [cmTC_1ee8e/fast] Error 2
make[3]: Leaving directory '/home/david/traxas_ws/build/ceres_catkin/ceres_src-prefix/src/ceres_src-build/CMakeFiles/CMakeTmp'


